<?xml version="1.0" encoding="UTF-8"?>
<!-- Generated by org.testng.reporters.JUnitReportReporter -->
<testsuite skipped="0" hostname="LTSIPL0186-Vinay_Tripathi" name="com.demo.test.TestCase" tests="1" failures="0" timestamp="2020-06-05T00:58:00 IST" time="0.009" errors="0">
  <testcase name="checkLogin" time="0.009" classname="com.demo.test.TestCase"/>
  <system-out/>
</testsuite> <!-- com.demo.test.TestCase -->
